      0.0000000      0.9964827      0.0035173      0.8741693      0.1258307      1.0000000      0.0000000
      0.0301384      0.9969973      0.0030027      0.8736299      0.1263701      0.9999637      0.0000363
      0.0602769      0.9974189      0.0025812      0.8730281      0.1269719      0.9998547      0.0001453
      0.0904153      0.9977317      0.0022683      0.8723374      0.1276626      0.9996733      0.0003266
      0.1205537      0.9979375      0.0020625      0.8715788      0.1284212      0.9994198      0.0005802
      0.1506921      0.9972767      0.0027233      0.8699769      0.1300231      0.9990944      0.0009056
      0.1808306      0.9967107      0.0032893      0.8684819      0.1315181      0.9986976      0.0013024
      0.2109690      0.9958377      0.0041623      0.8666926      0.1333074      0.9982300      0.0017700
      0.2411074      0.9945024      0.0054976      0.8644372      0.1355628      0.9976922      0.0023078
      0.2712458      0.9936512      0.0063488      0.8626944      0.1373056      0.9970848      0.0029151
      0.3013843      0.9928339      0.0071661      0.8610390      0.1389610      0.9964087      0.0035912
      0.3315227      0.9905736      0.0094264      0.8579284      0.1420716      0.9956647      0.0043352
      0.3616611      0.9905895      0.0094105      0.8570609      0.1429391      0.9948538      0.0051462
      0.3917995      0.9899872      0.0100128      0.8555713      0.1444287      0.9939767      0.0060232
      0.4219380      0.9896950      0.0103050      0.8543624      0.1456376      0.9930347      0.0069652
      0.4520764      0.9887886      0.0112114      0.8525827      0.1474173      0.9920287      0.0079712
      0.4822148      0.9880766      0.0119234      0.8510709      0.1489291      0.9909599      0.0090401
      0.5123532      0.9875230      0.0124770      0.8497544      0.1502456      0.9898293      0.0101706
      0.5424917      0.9853650      0.0146350      0.8468619      0.1531381      0.9886381      0.0113618
      0.5726301      0.9848784      0.0151216      0.8457001      0.1542999      0.9873876      0.0126124
      0.6027685      0.9844564      0.0155436      0.8446751      0.1553249      0.9860788      0.0139211
      0.6329069      0.9838073      0.0161927      0.8434706      0.1565294      0.9847131      0.0152868
      0.6630454      0.9818763      0.0181237      0.8410091      0.1589909      0.9832917      0.0167082
      0.6931838      0.9804851      0.0195149      0.8391345      0.1608655      0.9818158      0.0181841
      0.7233222      0.9768772      0.0231228      0.8350588      0.1649412      0.9802866      0.0197133
      0.7534606      0.9764628      0.0235372      0.8341755      0.1658245      0.9787055      0.0212944
      0.7835991      0.9755703      0.0244297      0.8328165      0.1671835      0.9770735      0.0229264
      0.8137375      0.9747889      0.0252111      0.8316328      0.1683672      0.9753920      0.0246079
      0.8438759      0.9715280      0.0284720      0.8279797      0.1720203      0.9736622      0.0263377
      0.8740143      0.9711071      0.0288929      0.8272249      0.1727751      0.9718852      0.0281147
      0.9041528      0.9691257      0.0308743      0.8249117      0.1750883      0.9700623      0.0299376
      0.9342912      0.9684758      0.0315242      0.8239284      0.1760716      0.9681945      0.0318054
      0.9644296      0.9681261      0.0318739      0.8232474      0.1767525      0.9662830      0.0337168
      0.9945680      0.9650531      0.0349469      0.8198303      0.1801697      0.9643291      0.0356708
      1.0247065      0.9643939      0.0356061      0.8188714      0.1811286      0.9623337      0.0376662
      1.0548449      0.9609335      0.0390665      0.8151115      0.1848885      0.9602979      0.0397019
      1.0849833      0.9574748      0.0425252      0.8113647      0.1886353      0.9582228      0.0417771
      1.1151217      0.9557732      0.0442268      0.8093731      0.1906269      0.9561094      0.0438905
      1.1452602      0.9540712      0.0459288      0.8073971      0.1926029      0.9539587      0.0460412
      1.1753986      0.9519178      0.0480822      0.8050213      0.1949787      0.9517716      0.0482283
      1.2055370      0.9490600      0.0509400      0.8019994      0.1980006      0.9495490      0.0504508
      1.2356754      0.9472420      0.0527580      0.8000758      0.1999242      0.9472919      0.0527080
      1.2658139      0.9456065      0.0543935      0.7984200      0.2015800      0.9450010      0.0549989
      1.2959523      0.9439824      0.0560176      0.7968836      0.2031164      0.9426773      0.0573226
      1.3260907      0.9410415      0.0589585      0.7941390      0.2058610      0.9403214      0.0596785
      1.3562291      0.9387086      0.0612914      0.7921220      0.2078780      0.9379342      0.0620657
      1.3863676      0.9357927      0.0642073      0.7896275      0.2103725      0.9355163      0.0644835
      1.4165060      0.9313186      0.0686814      0.7857115      0.2142885      0.9330686      0.0669313
      1.4466444      0.9281878      0.0718122      0.7832266      0.2167734      0.9305917      0.0694082
      1.4767828      0.9256731      0.0743269      0.7813929      0.2186071      0.9280862      0.0719137
      1.5069213      0.9217641      0.0782359      0.7782335      0.2217665      0.9255528      0.0744471
      1.5370597      0.9187318      0.0812682      0.7760426      0.2239574      0.9229920      0.0770079
      1.5671981      0.9169622      0.0830378      0.7751972      0.2248028      0.9204046      0.0795953
      1.5973365      0.9140354      0.0859646      0.7732268      0.2267732      0.9177909      0.0822089
      1.6274750      0.9102167      0.0897833      0.7704173      0.2295828      0.9151518      0.0848481
      1.6576134      0.9049600      0.0950400      0.7662006      0.2337994      0.9124875      0.0875123
      1.6877518      0.9022975      0.0977025      0.7646108      0.2353892      0.9097988      0.0902010
      1.7178902      0.8982775      0.1017225      0.7616998      0.2383002      0.9070862      0.0929137
      1.7480287      0.8945862      0.1054138      0.7591505      0.2408495      0.9043501      0.0956498
      1.7781671      0.8902285      0.1097715      0.7559831      0.2440169      0.9015911      0.0984088
      1.8083055      0.8869488      0.1130512      0.7539685      0.2460315      0.8988096      0.1011902
      1.8384439      0.8841523      0.1158477      0.7525161      0.2474839      0.8960063      0.1039935
      1.8685824      0.8807524      0.1192476      0.7505672      0.2494329      0.8931817      0.1068182
      1.8987208      0.8767525      0.1232475      0.7480170      0.2519830      0.8903361      0.1096637
      1.9288592      0.8749398      0.1250602      0.7476502      0.2523498      0.8874703      0.1125296
      1.9589976      0.8710111      0.1289888      0.7451810      0.2548190      0.8845846      0.1154153
      1.9891361      0.8673210      0.1326790      0.7429241      0.2570759      0.8816796      0.1183202
      2.0192745      0.8636322      0.1363678      0.7406655      0.2593345      0.8787559      0.1212440
      2.0494129      0.8603104      0.1396896      0.7387581      0.2612419      0.8758140      0.1241859
      2.0795513      0.8573401      0.1426599      0.7372004      0.2627996      0.8728544      0.1271454
      2.1096898      0.8546110      0.1453890      0.7358622      0.2641378      0.8698778      0.1301221
      2.1398282      0.8517933      0.1482067      0.7344141      0.2655859      0.8668847      0.1331152
      2.1699666      0.8473851      0.1526149      0.7313927      0.2686073      0.8638757      0.1361242
      2.2001050      0.8458413      0.1541587      0.7312380      0.2687620      0.8608514      0.1391485
      2.2302435      0.8414002      0.1585998      0.7281781      0.2718219      0.8578124      0.1421875
      2.2603819      0.8392906      0.1607094      0.7274996      0.2725004      0.8547594      0.1452405
      2.2905203      0.8340575      0.1659425      0.7237666      0.2762334      0.8516930      0.1483068
      2.3206587      0.8298757      0.1701243      0.7211503      0.2788497      0.8486140      0.1513859
      2.3507972      0.8248498      0.1751502      0.7177647      0.2822353      0.8455229      0.1544769
      2.3809356      0.8201092      0.1798908      0.7147096      0.2852904      0.8424206      0.1575793
      2.4110740      0.8174474      0.1825526      0.7137622      0.2862378      0.8393077      0.1606922
      2.4412124      0.8133867      0.1866133      0.7114161      0.2885839      0.8361850      0.1638149
      2.4713509      0.8091157      0.1908843      0.7088586      0.2911414      0.8330532      0.1669466
      2.5014893      0.8034895      0.1965105      0.7049733      0.2950267      0.8299132      0.1700867
      2.5316277      0.8011567      0.1988433      0.7043803      0.2956197      0.8267657      0.1732342
      2.5617661      0.7971227      0.2028773      0.7020911      0.2979089      0.8236116      0.1763883
      2.5919046      0.7927495      0.2072505      0.6994633      0.3005367      0.8204517      0.1795482
      2.6220430      0.7883690      0.2116310      0.6968722      0.3031278      0.8172869      0.1827129
      2.6521814      0.7846865      0.2153135      0.6949797      0.3050203      0.8141182      0.1858817
      2.6823198      0.7797407      0.2202593      0.6918342      0.3081658      0.8109463      0.1890535
      2.7124583      0.7766351      0.2233649      0.6905508      0.3094492      0.8077723      0.1922275
      2.7425967      0.7728216      0.2271784      0.6885774      0.3114226      0.8045972      0.1954027
      2.7727351      0.7700240      0.2299760      0.6876164      0.3123836      0.8014219      0.1985780
      2.8028735      0.7657262      0.2342738      0.6851012      0.3148988      0.7982474      0.2017524
      2.8330120      0.7628831      0.2371169      0.6839965      0.3160035      0.7950749      0.2049249
      2.8631504      0.7604634      0.2395366      0.6833014      0.3166987      0.7919054      0.2080945
      2.8932888      0.7565040      0.2434960      0.6810499      0.3189501      0.7887399      0.2112599
      2.9234272      0.7553112      0.2446888      0.6815495      0.3184505      0.7855796      0.2144203
      2.9535657      0.7521177      0.2478823      0.6800751      0.3199249      0.7824256      0.2175743
      2.9837041      0.7502114      0.2497886      0.6799141      0.3200859      0.7792789      0.2207210
      3.0138425      0.7472986      0.2527014      0.6787251      0.3212749      0.7761407      0.2238591
      3.0439809      0.7432409      0.2567591      0.6764239      0.3235761      0.7730123      0.2269876
      3.0741194      0.7388470      0.2611530      0.6737772      0.3262229      0.7698946      0.2301052
      3.1042578      0.7346741      0.2653259      0.6714046      0.3285954      0.7667891      0.2332108
      3.1343962      0.7309486      0.2690514      0.6695431      0.3304569      0.7636968      0.2363030
      3.1645346      0.7279293      0.2720707      0.6684525      0.3315475      0.7606190      0.2393809
      3.1946731      0.7228538      0.2771462      0.6653246      0.3346754      0.7575569      0.2424430
      3.2248115      0.7192348      0.2807652      0.6636526      0.3363474      0.7545117      0.2454881
      3.2549499      0.7160425      0.2839575      0.6624027      0.3375973      0.7514847      0.2485152
      3.2850883      0.7117115      0.2882885      0.6599869      0.3400131      0.7484770      0.2515229
      3.3152268      0.7067321      0.2932679      0.6569132      0.3430868      0.7454899      0.2545100
      3.3453652      0.7021665      0.2978335      0.6542314      0.3457686      0.7425245      0.2574754
      3.3755036      0.6991329      0.3008671      0.6530144      0.3469856      0.7395820      0.2604179
      3.4056420      0.6957590      0.3042410      0.6514333      0.3485667      0.7366636      0.2633362
      3.4357805      0.6920862      0.3079138      0.6495517      0.3504483      0.7337704      0.2662294
      3.4659189      0.6891408      0.3108592      0.6483985      0.3516015      0.7309037      0.2690962
      3.4960573      0.6858990      0.3141010      0.6469306      0.3530694      0.7280643      0.2719355
      3.5261957      0.6827897      0.3172103      0.6455588      0.3544413      0.7252535      0.2747464
      3.5563342      0.6787561      0.3212439      0.6432417      0.3567583      0.7224722      0.2775276
      3.5864726      0.6761742      0.3238258      0.6423772      0.3576228      0.7197216      0.2802783
      3.6166110      0.6715780      0.3284220      0.6394884      0.3605116      0.7170025      0.2829974
      3.6467494      0.6686838      0.3313162      0.6382804      0.3617196      0.7143160      0.2856839
      3.6768879      0.6648114      0.3351886      0.6360988      0.3639012      0.7116630      0.2883369
      3.7070263      0.6607146      0.3392854      0.6336683      0.3663318      0.7090444      0.2909555
      3.7371647      0.6573768      0.3426232      0.6319494      0.3680506      0.7064611      0.2935388
      3.7673031      0.6545420      0.3454580      0.6307455      0.3692545      0.7039138      0.2960861
      3.7974416      0.6498395      0.3501605      0.6276668      0.3723332      0.7014033      0.2985965
      3.8275800      0.6457255      0.3542745      0.6251749      0.3748251      0.6989304      0.3010695
      3.8577184      0.6427649      0.3572351      0.6238302      0.3761698      0.6964957      0.3035042
      3.8878568      0.6400155      0.3599845      0.6226615      0.3773385      0.6940998      0.3059001
      3.9179953      0.6360532      0.3639468      0.6202388      0.3797612      0.6917433      0.3082566
      3.9481337      0.6324703      0.3675297      0.6181588      0.3818412      0.6894266      0.3105732
      3.9782721      0.6303217      0.3696783      0.6174791      0.3825209      0.6871503      0.3128496
      4.0084105      0.6277174      0.3722826      0.6162927      0.3837073      0.6849147      0.3150851
      4.0385490      0.6256286      0.3743714      0.6155794      0.3844206      0.6827203      0.3172796
      4.0686874      0.6229025      0.3770975      0.6141702      0.3858298      0.6805672      0.3194326
      4.0988258      0.6206875      0.3793125      0.6132171      0.3867829      0.6784559      0.3215439
      4.1289642      0.6179405      0.3820595      0.6116662      0.3883338      0.6763866      0.3236133
      4.1591027      0.6166511      0.3833489      0.6115337      0.3884663      0.6743594      0.3256405
      4.1892411      0.6145133      0.3854867      0.6105405      0.3894595      0.6723745      0.3276254
      4.2193795      0.6120614      0.3879386      0.6092093      0.3907907      0.6704320      0.3295679
      4.2495179      0.6107074      0.3892926      0.6089568      0.3910432      0.6685320      0.3314679
      4.2796564      0.6085512      0.3914488      0.6078943      0.3921057      0.6666745      0.3333254
      4.3097948      0.6070528      0.3929472      0.6074745      0.3925255      0.6648595      0.3351403
      4.3399332      0.6045242      0.3954757      0.6059818      0.3940181      0.6630870      0.3369128
      4.3700716      0.6031278      0.3968722      0.6055791      0.3944209      0.6613568      0.3386430
      4.4002101      0.6005543      0.3994457      0.6039794      0.3960206      0.6596688      0.3403310
      4.4303485      0.5983035      0.4016965      0.6026937      0.3973063      0.6580229      0.3419770
      4.4604869      0.5966809      0.4033191      0.6020160      0.3979840      0.6564187      0.3435811
      4.4906253      0.5949562      0.4050438      0.6011785      0.3988215      0.6548562      0.3451437
      4.5207638      0.5930498      0.4069502      0.6001211      0.3998789      0.6533349      0.3466649
      4.5509022      0.5906470      0.4093530      0.5985244      0.4014756      0.6518547      0.3481451
      4.5810406      0.5885815      0.4114185      0.5971937      0.4028063      0.6504152      0.3495846
      4.6111790      0.5873067      0.4126932      0.5966260      0.4033740      0.6490161      0.3509838
      4.6413175      0.5860884      0.4139116      0.5960550      0.4039450      0.6476569      0.3523429
      4.6714559      0.5834665      0.4165335      0.5940252      0.4059748      0.6463374      0.3536624
      4.7015943      0.5817850      0.4182150      0.5928977      0.4071024      0.6450572      0.3549426
      4.7317327      0.5805215      0.4194785      0.5921572      0.4078428      0.6438159      0.3561840
      4.7618712      0.5775749      0.4224251      0.5896990      0.4103010      0.6426131      0.3573867
      4.7920096      0.5761538      0.4238462      0.5887157      0.4112843      0.6414484      0.3585514
      4.8221480      0.5752298      0.4247702      0.5882202      0.4117798      0.6403215      0.3596783
      4.8522864      0.5738816      0.4261184      0.5872999      0.4127001      0.6392320      0.3607679
      4.8824249      0.5710235      0.4289765      0.5848706      0.4151294      0.6381794      0.3618204
      4.9125633      0.5688272      0.4311728      0.5830815      0.4169185      0.6371634      0.3628365
      4.9427017      0.5676935      0.4323065      0.5823461      0.4176539      0.6361836      0.3638163
      4.9728401      0.5667289      0.4332711      0.5817707      0.4182293      0.6352395      0.3647604
      5.0029786      0.5645316      0.4354684      0.5799233      0.4200767      0.6343308      0.3656691
      5.0331170      0.5633535      0.4366465      0.5790734      0.4209266      0.6334570      0.3665429
      5.0632554      0.5612750      0.4387250      0.5772880      0.4227120      0.6326177      0.3673822
      5.0933938      0.5601410      0.4398590      0.5764062      0.4235938      0.6318125      0.3681873
      5.1235323      0.5595252      0.4404748      0.5760218      0.4239782      0.6310410      0.3689588
      5.1536707      0.5587266      0.4412734      0.5754362      0.4245638      0.6303028      0.3696970
      5.1838091      0.5569636      0.4430364      0.5738455      0.4261545      0.6295973      0.3704025
      5.2139475      0.5560684      0.4439316      0.5730608      0.4269391      0.6289241      0.3710757
      5.2440860      0.5552192      0.4447808      0.5722858      0.4277142      0.6282827      0.3717171
      5.2742244      0.5544045      0.4455955      0.5715089      0.4284911      0.6276727      0.3723272
      5.3043628      0.5535937      0.4464063      0.5706949      0.4293051      0.6270934      0.3729065
      5.3345012      0.5528099      0.4471901      0.5698499      0.4301501      0.6265444      0.3734555
      5.3646397      0.5520019      0.4479981      0.5689542      0.4310458      0.6260251      0.3739748
      5.3947781      0.5521590      0.4478410      0.5689864      0.4310136      0.6255349      0.3744650
      5.4249165      0.5504873      0.4495127      0.5671716      0.4328284      0.6250732      0.3749267
      5.4550549      0.5501091      0.4498909      0.5666501      0.4333499      0.6246393      0.3753605
      5.4851934      0.5499057      0.4500943      0.5663097      0.4336902      0.6242326      0.3757672
      5.5153318      0.5501337      0.4498663      0.5664106      0.4335894      0.6238524      0.3761475
      5.5454702      0.5494922      0.4505078      0.5656292      0.4343708      0.6234979      0.3765020
      5.5756086      0.5481833      0.4518167      0.5641877      0.4358123      0.6231684      0.3768315
      5.6057471      0.5476554      0.4523446      0.5635291      0.4364709      0.6228631      0.3771368
      5.6358855      0.5462409      0.4537591      0.5619350      0.4380651      0.6225812      0.3774187
      5.6660239      0.5465105      0.4534895      0.5619835      0.4380165      0.6223218      0.3776780
      5.6961623      0.5450235      0.4549765      0.5602410      0.4397590      0.6220841      0.3779157
      5.7263008      0.5440735      0.4559265      0.5590173      0.4409827      0.6218673      0.3781326
      5.7564392      0.5441330      0.4558670      0.5587949      0.4412051      0.6216704      0.3783295
      5.7865776      0.5429838      0.4570162      0.5573410      0.4426590      0.6214925      0.3785074
      5.8167160      0.5425200      0.4574800      0.5565401      0.4434599      0.6213327      0.3786672
      5.8468545      0.5420564      0.4579436      0.5557460      0.4442540      0.6211900      0.3788099
      5.8769929      0.5415889      0.4584111      0.5549237      0.4450763      0.6210635      0.3789364
      5.9071313      0.5411291      0.4588709      0.5540899      0.4459101      0.6209521      0.3790477
      5.9372697      0.5406415      0.4593585      0.5532159      0.4467841      0.6208550      0.3791449
      5.9674082      0.5383792      0.4616208      0.5505406      0.4494594      0.6207709      0.3792290
      5.9975466      0.5365172      0.4634828      0.5482457      0.4517543      0.6206989      0.3793009
      6.0276850      0.5361386      0.4638614      0.5474278      0.4525722      0.6206380      0.3793619
      6.0578234      0.5357430      0.4642570      0.5465993      0.4534007      0.6205871      0.3794128
      6.0879619      0.5352679      0.4647321      0.5456829      0.4543171      0.6205451      0.3794547
      6.1181003      0.5357444      0.4642556      0.5457158      0.4542842      0.6205111      0.3794888
      6.1482387      0.5355836      0.4644164      0.5451012      0.4548988      0.6204839      0.3795159
      6.1783771      0.5353799      0.4646201      0.5444499      0.4555501      0.6204626      0.3795373
      6.2085156      0.5356624      0.4643376      0.5443014      0.4556986      0.6204462      0.3795537
      6.2386540      0.5348483      0.4651517      0.5430576      0.4569424      0.6204337      0.3795662
      6.2687924      0.5361385      0.4638615      0.5439111      0.4560889      0.6204241      0.3795758
      6.2989308      0.5366759      0.4633241      0.5440195      0.4559805      0.6204166      0.3795833
      6.3290693      0.5364659      0.4635341      0.5434121      0.4565879      0.6204101      0.3795898
      6.3592077      0.5362058      0.4637942      0.5427673      0.4572327      0.6204038      0.3795961
      6.3893461      0.5368259      0.4631741      0.5430260      0.4569740      0.6203968      0.3796031
      6.4194845      0.5365470      0.4634530      0.5423813      0.4576187      0.6203882      0.3796116
      6.4496230      0.5343464      0.4656536      0.5398427      0.4601573      0.6203773      0.3796226
      6.4797614      0.5346067      0.4653933      0.5397865      0.4602135      0.6203631      0.3796367
      6.5098998      0.5342716      0.4657284      0.5391583      0.4608417      0.6203451      0.3796547
      6.5400382      0.5342603      0.4657397      0.5388878      0.4611122      0.6203224      0.3796774
      6.5701767      0.5338639      0.4661361      0.5382538      0.4617462      0.6202945      0.3797054
      6.6003151      0.5334487      0.4665513      0.5376144      0.4623856      0.6202606      0.3797393
      6.6304535      0.5337741      0.4662259      0.5377227      0.4622773      0.6202203      0.3797795
      6.6605919      0.5334112      0.4665888      0.5371660      0.4628340      0.6201730      0.3798268
      6.6907304      0.5321199      0.4678801      0.5357196      0.4642804      0.6201183      0.3798815
      6.7208688      0.5317604      0.4682396      0.5352136      0.4647864      0.6200558      0.3799441
      6.7510072      0.5313819      0.4686181      0.5347145      0.4652855      0.6199851      0.3800148
      6.7811456      0.5306702      0.4693298      0.5338895      0.4661105      0.6199059      0.3800940
      6.8112841      0.5302841      0.4697159      0.5333944      0.4666056      0.6198179      0.3801819
      6.8414225      0.5298882      0.4701118      0.5329093      0.4670907      0.6197210      0.3802788
      6.8715609      0.5279042      0.4720958      0.5308558      0.4691442      0.6196149      0.3803850
      6.9016993      0.5282375      0.4717624      0.5311202      0.4688798      0.6194995      0.3805004
      6.9318378      0.5278737      0.4721263      0.5306859      0.4693141      0.6193746      0.3806253
      6.9619762      0.5275077      0.4724923      0.5302638      0.4697362      0.6192402      0.3807597
      6.9921146      0.5271389      0.4728611      0.5298455      0.4701545      0.6190962      0.3809037
      7.0222530      0.5268585      0.4731415      0.5295193      0.4704807      0.6189426      0.3810573
      7.0523915      0.5258755      0.4741245      0.5285097      0.4714903      0.6187795      0.3812203
      7.0825299      0.5263183      0.4736817      0.5289422      0.4710578      0.6186070      0.3813929
      7.1126683      0.5259328      0.4740672      0.5285477      0.4714523      0.6184251      0.3815748
      7.1428067      0.5247266      0.4752734      0.5273303      0.4726697      0.6182340      0.3817659
      7.1729452      0.5236498      0.4763502      0.5262476      0.4737524      0.6180340      0.3819659
      7.2030836      0.5230246      0.4769754      0.5256284      0.4743716      0.6178254      0.3821745
      7.2332220      0.5234150      0.4765850      0.5260249      0.4739751      0.6176084      0.3823915
      7.2633604      0.5223782      0.4776218      0.5249878      0.4750122      0.6173833      0.3826165
      7.2934989      0.5221153      0.4778847      0.5247346      0.4752654      0.6171507      0.3828491
      7.3236373      0.5217435      0.4782565      0.5243680      0.4756320      0.6169109      0.3830890
      7.3537757      0.5213859      0.4786141      0.5240042      0.4759958      0.6166643      0.3833356
      7.3839141      0.5201159      0.4798841      0.5227395      0.4772605      0.6164115      0.3835884
      7.4140526      0.5197124      0.4802876      0.5223791      0.4776209      0.6161530      0.3838469
      7.4441910      0.5199848      0.4800152      0.5227173      0.4772827      0.6158894      0.3841105
      7.4743294      0.5196027      0.4803973      0.5224044      0.4775956      0.6156213      0.3843786
      7.5044678      0.5201769      0.4798231      0.5230594      0.4769406      0.6153492      0.3846507
      7.5346063      0.5188117      0.4811883      0.5217736      0.4782264      0.6150738      0.3849260
      7.5647447      0.5184223      0.4815777      0.5214679      0.4785321      0.6147958      0.3852041
      7.5948831      0.5180727      0.4819273      0.5212131      0.4787869      0.6145157      0.3854841
      7.6250215      0.5179870      0.4820130      0.5212221      0.4787779      0.6142344      0.3857655
      7.6551600      0.5168721      0.4831279      0.5201887      0.4798113      0.6139524      0.3860474
      7.6852984      0.5164869      0.4835131      0.5198713      0.4801287      0.6136705      0.3863294
      7.7154368      0.5152070      0.4847930      0.5186531      0.4813469      0.6133893      0.3866106
      7.7455752      0.5139206      0.4860794      0.5174324      0.4825676      0.6131095      0.3868903
      7.7757137      0.5135609      0.4864391      0.5171314      0.4828686      0.6128318      0.3871681
      7.8058521      0.5132143      0.4867857      0.5168443      0.4831557      0.6125568      0.3874431
      7.8359905      0.5119980      0.4880020      0.5156944      0.4843056      0.6122851      0.3877148
      7.8661289      0.5116437      0.4883563      0.5154138      0.4845862      0.6120172      0.3879826
      7.8962674      0.5113020      0.4886980      0.5151262      0.4848738      0.6117539      0.3882460
      7.9264058      0.5109647      0.4890353      0.5148581      0.4851419      0.6114953      0.3885045
      7.9565442      0.5098015      0.4901985      0.5137888      0.4862112      0.6112422      0.3887577
      7.9866826      0.5095072      0.4904928      0.5135958      0.4864042      0.6109947      0.3890052
      8.0168211      0.5092218      0.4907782      0.5134144      0.4865856      0.6107532      0.3892466
      8.0469595      0.5089478      0.4910522      0.5132241      0.4867759      0.6105180      0.3894818
      8.0770979      0.5086932      0.4913068      0.5130447      0.4869553      0.6102893      0.3897106
      8.1072363      0.5075711      0.4924289      0.5119910      0.4880090      0.6100672      0.3899326
      8.1373748      0.5073474      0.4926526      0.5118198      0.4881802      0.6098519      0.3901480
      8.1675132      0.5071358      0.4928642      0.5116506      0.4883494      0.6096433      0.3903565
      8.1976516      0.5069410      0.4930590      0.5114908      0.4885092      0.6094416      0.3905583
      8.2277900      0.5067558      0.4932442      0.5113539      0.4886461      0.6092466      0.3907533
      8.2579285      0.5058479      0.4941521      0.5105069      0.4894931      0.6090582      0.3909417
      8.2880669      0.5063995      0.4936005      0.5111249      0.4888751      0.6088762      0.3911236
      8.3182053      0.5053974      0.4946026      0.5101816      0.4898184      0.6087005      0.3912994
      8.3483437      0.5052584      0.4947416      0.5100877      0.4899123      0.6085307      0.3914692
      8.3784822      0.5044244      0.4955756      0.5092871      0.4907129      0.6083664      0.3916335
      8.4086206      0.5043243      0.4956757      0.5092231      0.4907769      0.6082073      0.3917925
      8.4387590      0.5042279      0.4957721      0.5091695      0.4908305      0.6080530      0.3919468
      8.4688974      0.5041396      0.4958604      0.5091218      0.4908782      0.6079031      0.3920968
      8.4990359      0.5040572      0.4959428      0.5090814      0.4909186      0.6077569      0.3922429
      8.5291743      0.5039634      0.4960366      0.5090169      0.4909831      0.6076143      0.3923855
      8.5593127      0.5029767      0.4970233      0.5080408      0.4919592      0.6074747      0.3925252
      8.5894511      0.5028968      0.4971032      0.5079761      0.4920239      0.6073376      0.3926623
      8.6195896      0.5028333      0.4971667      0.5079291      0.4920709      0.6072027      0.3927972
      8.6497280      0.5027781      0.4972219      0.5078911      0.4921089      0.6070697      0.3929302
      8.6798664      0.5027149      0.4972851      0.5078298      0.4921702      0.6069382      0.3930617
      8.7100048      0.5026385      0.4973615      0.5077392      0.4922609      0.6068080      0.3931919
      8.7401433      0.5025589      0.4974411      0.5076449      0.4923551      0.6066789      0.3933209
      8.7702817      0.5022920      0.4977080      0.5073592      0.4926408      0.6065510      0.3934489
      8.8004201      0.5022341      0.4977659      0.5072715      0.4927285      0.6064239      0.3935759
      8.8305585      0.5021888      0.4978112      0.5071794      0.4928206      0.6062979      0.3937019
      8.8606970      0.5011778      0.4988222      0.5060990      0.4939010      0.6061731      0.3938268
      8.8908354      0.5002119      0.4997881      0.5050593      0.4949407      0.6060495      0.3939503
      8.9209738      0.4992574      0.5007426      0.5040327      0.4959673      0.6059276      0.3940723
      8.9511122      0.4992323      0.5007677      0.5039429      0.4960571      0.6058076      0.3941923
      8.9812507      0.4991984      0.5008016      0.5038380      0.4961620      0.6056899      0.3943099
      9.0113891      0.4991766      0.5008234      0.5037420      0.4962580      0.6055752      0.3944246
      9.0415275      0.4982053      0.5017947      0.5027035      0.4972965      0.6054641      0.3945358
      9.0716659      0.4981582      0.5018418      0.5025934      0.4974066      0.6053571      0.3946428
      9.1018044      0.4981132      0.5018868      0.5024994      0.4975006      0.6052552      0.3947447
      9.1319428      0.4980471      0.5019529      0.5023955      0.4976045      0.6051591      0.3948408
      9.1620812      0.4970820      0.5029180      0.5013953      0.4986047      0.6050697      0.3949302
      9.1922196      0.4969813      0.5030187      0.5012630      0.4987370      0.6049878      0.3950120
      9.2223581      0.4960321      0.5039679      0.5002954      0.4997046      0.6049145      0.3950853
      9.2524965      0.4949786      0.5050214      0.4992310      0.5007690      0.6048507      0.3951492
      9.2826349      0.4942424      0.5057576      0.4984825      0.5015175      0.6047973      0.3952026
      9.3127733      0.4923566      0.5076434      0.4965802      0.5034198      0.6047552      0.3952446
      9.3429118      0.4904690      0.5095310      0.4946765      0.5053235      0.6047255      0.3952744
      9.3730502      0.4894569      0.5105431      0.4936470      0.5063530      0.6047089      0.3952909
      9.4031886      0.4885175      0.5114825      0.4926990      0.5073010      0.6047065      0.3952934
      9.4333270      0.4885468      0.5114532      0.4927157      0.5072843      0.6047188      0.3952810
      9.4634655      0.4885013      0.5114987      0.4926274      0.5073726      0.6047468      0.3952531
      9.4936039      0.4877862      0.5122138      0.4918426      0.5081574      0.6047909      0.3952090
      9.5237423      0.4877883      0.5122117      0.4917568      0.5082432      0.6048517      0.3951481
      9.5538807      0.4877920      0.5122080      0.4916668      0.5083332      0.6049297      0.3950702
      9.5840192      0.4878238      0.5121762      0.4915990      0.5084010      0.6050252      0.3949747
      9.6141576      0.4869177      0.5130823      0.4905847      0.5094153      0.6051383      0.3948616
      9.6442960      0.4870172      0.5129828      0.4905524      0.5094476      0.6052691      0.3947307
      9.6744344      0.4871409      0.5128591      0.4905365      0.5094635      0.6054177      0.3945821
      9.7045729      0.4853950      0.5146050      0.4886287      0.5113713      0.6055839      0.3944160
      9.7347113      0.4855638      0.5144362      0.4886188      0.5113812      0.6057673      0.3942326
      9.7648497      0.4857421      0.5142579      0.4886082      0.5113918      0.6059674      0.3940325
      9.7949882      0.4859452      0.5140548      0.4885985      0.5114015      0.6061836      0.3938163
      9.8251266      0.4861530      0.5138470      0.4885768      0.5114232      0.6064153      0.3935846
      9.8552650      0.4863707      0.5136293      0.4885496      0.5114504      0.6066614      0.3933384
      9.8854034      0.4865856      0.5134144      0.4885066      0.5114934      0.6069211      0.3930788
      9.9155419      0.4858957      0.5141043      0.4875536      0.5124464      0.6071930      0.3928068
      9.9456803      0.4861469      0.5138531      0.4875252      0.5124748      0.6074762      0.3925237
      9.9758187      0.4861167      0.5138833      0.4872034      0.5127966      0.6077691      0.3922308
     10.0059571      0.4863479      0.5136521      0.4871348      0.5128652      0.6080703      0.3919295
     10.0360956      0.4865840      0.5134160      0.4870647      0.5129353      0.6083785      0.3916214
     10.0662340      0.4866755      0.5133245      0.4868260      0.5131740      0.6086920      0.3913079
     10.0963724      0.4869302      0.5130698      0.4867566      0.5132434      0.6090092      0.3909906
     10.1265108      0.4871857      0.5128143      0.4866830      0.5133170      0.6093288      0.3906711
     10.1566493      0.4874393      0.5125607      0.4866168      0.5133832      0.6096489      0.3903509
     10.1867877      0.4876897      0.5123103      0.4865628      0.5134372      0.6099681      0.3900317
     10.2169261      0.4879426      0.5120574      0.4865355      0.5134645      0.6102847      0.3897151
     10.2470645      0.4881912      0.5118088      0.4865198      0.5134802      0.6105972      0.3894026
     10.2772030      0.4884230      0.5115770      0.4864889      0.5135111      0.6109040      0.3890958
     10.3073414      0.4878049      0.5121951      0.4856075      0.5143925      0.6112036      0.3887963
     10.3374798      0.4880498      0.5119502      0.4855787      0.5144213      0.6114945      0.3885054
     10.3676182      0.4882914      0.5117086      0.4855423      0.5144577      0.6117753      0.3882245
     10.3977567      0.4885388      0.5114612      0.4855149      0.5144851      0.6120448      0.3879550
     10.4278951      0.4883167      0.5116833      0.4850263      0.5149737      0.6123018      0.3876981
     10.4580335      0.4885593      0.5114407      0.4850195      0.5149805      0.6125451      0.3874547
     10.4881719      0.4891302      0.5108698      0.4853438      0.5146562      0.6127739      0.3872260
     10.5183104      0.4893202      0.5106798      0.4852949      0.5147051      0.6129872      0.3870127
     10.5484488      0.4885570      0.5114430      0.4843036      0.5156964      0.6131843      0.3868156
     10.5785872      0.4878182      0.5121818      0.4833383      0.5166617      0.6133646      0.3866353
     10.6087256      0.4879825      0.5120175      0.4832865      0.5167135      0.6135276      0.3864722
     10.6388641      0.4881297      0.5118703      0.4832316      0.5167684      0.6136730      0.3863268
     10.6690025      0.4875227      0.5124773      0.4824362      0.5175638      0.6138006      0.3861992
     10.6991409      0.4875978      0.5124022      0.4823485      0.5176515      0.6139102      0.3860896
     10.7292793      0.4876597      0.5123403      0.4822556      0.5177444      0.6140019      0.3859979
     10.7594178      0.4877114      0.5122886      0.4821622      0.5178378      0.6140759      0.3859240
     10.7895562      0.4877441      0.5122559      0.4820643      0.5179357      0.6141324      0.3858675
     10.8196946      0.4868623      0.5131377      0.4810571      0.5189429      0.6141717      0.3858281
     10.8498330      0.4868781      0.5131219      0.4809519      0.5190481      0.6141944      0.3858054
     10.8799715      0.4868511      0.5131489      0.4808195      0.5191805      0.6142010      0.3857988
     10.9101099      0.4867944      0.5132056      0.4806833      0.5193167      0.6141922      0.3858077
     10.9402483      0.4858119      0.5141881      0.4796312      0.5203688      0.6141685      0.3858313
     10.9703867      0.4861298      0.5138702      0.4799047      0.5200953      0.6141309      0.3858689
     11.0005252      0.4860860      0.5139140      0.4798418      0.5201582      0.6140801      0.3859197
     11.0306636      0.4850413      0.5149587      0.4787925      0.5212075      0.6140170      0.3859829
     11.0608020      0.4849569      0.5150431      0.4787119      0.5212881      0.6139424      0.3860575
     11.0909404      0.4848480      0.5151520      0.4786115      0.5213885      0.6138572      0.3861427
     11.1210789      0.4847292      0.5152708      0.4785147      0.5214853      0.6137623      0.3862376
     11.1512173      0.4846133      0.5153867      0.4784374      0.5215626      0.6136585      0.3863414
     11.1813557      0.4844712      0.5155288      0.4783541      0.5216459      0.6135467      0.3864532
     11.2114941      0.4843220      0.5156780      0.4782571      0.5217429      0.6134276      0.3865722
     11.2416326      0.4832087      0.5167913      0.4771988      0.5228012      0.6133021      0.3866977
     11.2717710      0.4821595      0.5178405      0.4762042      0.5237958      0.6131707      0.3868291
     11.3019094      0.4810582      0.5189418      0.4751678      0.5248323      0.6130341      0.3869657
     11.3320478      0.4809111      0.5190889      0.4750891      0.5249109      0.6128929      0.3871069
     11.3621863      0.4799890      0.5200110      0.4742389      0.5257611      0.6127476      0.3872523
     11.3923247      0.4798276      0.5201724      0.4741594      0.5258406      0.6125985      0.3874014
     11.4224631      0.4796646      0.5203354      0.4740938      0.5259062      0.6124460      0.3875539
     11.4526015      0.4794904      0.5205096      0.4740161      0.5259839      0.6122904      0.3877094
     11.4827400      0.4793016      0.5206984      0.4739253      0.5260747      0.6121319      0.3878679
     11.5128784      0.4790996      0.5209004      0.4738191      0.5261809      0.6119706      0.3880293
     11.5430168      0.4788802      0.5211198      0.4737060      0.5262940      0.6118065      0.3881934
     11.5731552      0.4786673      0.5213327      0.4735985      0.5264015      0.6116395      0.3883604
     11.6032937      0.4784487      0.5215513      0.4734978      0.5265022      0.6114697      0.3885302
     11.6334321      0.4772990      0.5227010      0.4724688      0.5275312      0.6112968      0.3887030
     11.6635705      0.4770786      0.5229214      0.4723670      0.5276330      0.6111208      0.3888791
     11.6937089      0.4768637      0.5231363      0.4722711      0.5277289      0.6109414      0.3890585
     11.7238474      0.4766510      0.5233490      0.4721753      0.5278247      0.6107583      0.3892415
     11.7539858      0.4751336      0.5248664      0.4707741      0.5292259      0.6105714      0.3894284
     11.7841242      0.4740409      0.5259591      0.4697989      0.5302011      0.6103804      0.3896195
     11.8142626      0.4738522      0.5261478      0.4697285      0.5302715      0.6101850      0.3898149
     11.8444011      0.4728135      0.5271865      0.4688028      0.5311972      0.6099850      0.3900149
     11.8745395      0.4726176      0.5273824      0.4687194      0.5312806      0.6097801      0.3902197
     11.9046779      0.4724923      0.5275077      0.4687044      0.5312956      0.6095703      0.3904296
     11.9348163      0.4720738      0.5279262      0.4683933      0.5316067      0.6093553      0.3906445
     11.9649548      0.4718201      0.5281799      0.4682515      0.5317485      0.6091351      0.3908648
     11.9950932      0.4706342      0.5293658      0.4671786      0.5328214      0.6089096      0.3910903
     12.0252316      0.4704053      0.5295947      0.4670641      0.5329359      0.6086788      0.3913211
     12.0553700      0.4701864      0.5298136      0.4669807      0.5330193      0.6084427      0.3915571
     12.0855085      0.4699617      0.5300382      0.4668902      0.5331098      0.6082015      0.3917984
     12.1156469      0.4697156      0.5302844      0.4667902      0.5332098      0.6079553      0.3920445
     12.1457853      0.4694648      0.5305352      0.4666960      0.5333040      0.6077044      0.3922954
     12.1759237      0.4692009      0.5307991      0.4665917      0.5334083      0.6074489      0.3925509
     12.2060622      0.4689192      0.5310808      0.4664794      0.5335206      0.6071893      0.3928106
     12.2362006      0.4686348      0.5313652      0.4663772      0.5336228      0.6069257      0.3930742
     12.2663390      0.4683459      0.5316541      0.4662705      0.5337295      0.6066586      0.3933413
     12.2964774      0.4672932      0.5327068      0.4653999      0.5346001      0.6063884      0.3936114
     12.3266159      0.4670150      0.5329850      0.4653083      0.5346917      0.6061156      0.3938843
     12.3567543      0.4655340      0.5344660      0.4640184      0.5359816      0.6058407      0.3941591
     12.3868927      0.4652939      0.5347061      0.4639515      0.5360485      0.6055643      0.3944356
     12.4170311      0.4650677      0.5349323      0.4638989      0.5361011      0.6052869      0.3947130
     12.4471696      0.4648372      0.5351628      0.4638570      0.5361430      0.6050091      0.3949908
     12.4773080      0.4637028      0.5362972      0.4629223      0.5370778      0.6047316      0.3952682
     12.5074464      0.4634622      0.5365378      0.4628915      0.5371085      0.6044551      0.3955447
     12.5375848      0.4622401      0.5377599      0.4618844      0.5381156      0.6041804      0.3958195
     12.5677233      0.4610371      0.5389629      0.4608839      0.5391161      0.6039080      0.3960919
     12.5978617      0.4607924      0.5392076      0.4608530      0.5391470      0.6036387      0.3963611
     12.6280001      0.4605352      0.5394648      0.4608188      0.5391812      0.6033733      0.3966266
     12.6581385      0.4603501      0.5396499      0.4608484      0.5391516      0.6031123      0.3968875
     12.6882770      0.4601569      0.5398431      0.4608698      0.5391302      0.6028567      0.3971432
     12.7184154      0.4599669      0.5400331      0.4608980      0.5391020      0.6026070      0.3973929
     12.7485538      0.4597840      0.5402160      0.4609374      0.5390626      0.6023639      0.3976360
     12.7786922      0.4596067      0.5403933      0.4609845      0.5390155      0.6021281      0.3978718
     12.8088307      0.4594368      0.5405632      0.4610185      0.5389815      0.6019003      0.3980996
     12.8389691      0.4592816      0.5407184      0.4610537      0.5389463      0.6016810      0.3983189
     12.8691075      0.4591193      0.5408807      0.4610750      0.5389250      0.6014709      0.3985290
     12.8992459      0.4589860      0.5410140      0.4611058      0.5388942      0.6012705      0.3987294
     12.9293844      0.4588567      0.5411433      0.4611298      0.5388702      0.6010804      0.3989195
     12.9595228      0.4587383      0.5412617      0.4611469      0.5388531      0.6009010      0.3990989
     12.9896612      0.4586511      0.5413489      0.4611818      0.5388182      0.6007329      0.3992669
     13.0197996      0.4585648      0.5414352      0.4612025      0.5387975      0.6005766      0.3994233
     13.0499381      0.4584806      0.5415194      0.4612242      0.5387759      0.6004323      0.3995676
     13.0800765      0.4584025      0.5415975      0.4612458      0.5387542      0.6003004      0.3996995
     13.1102149      0.4583382      0.5416618      0.4612696      0.5387304      0.6001813      0.3998185
     13.1403533      0.4575397      0.5424603      0.4605555      0.5394445      0.6000752      0.3999246
     13.1704918      0.4574463      0.5425537      0.4605355      0.5394645      0.5999824      0.4000175
     13.2006302      0.4573592      0.5426408      0.4605167      0.5394833      0.5999029      0.4000970
     13.2307686      0.4571345      0.5428655      0.4603423      0.5396577      0.5998368      0.4001631
     13.2609070      0.4570954      0.5429046      0.4603436      0.5396564      0.5997840      0.4002158
     13.2910455      0.4570590      0.5429410      0.4603460      0.5396540      0.5997447      0.4002551
     13.3211839      0.4570373      0.5429627      0.4603526      0.5396474      0.5997187      0.4002812
     13.3513223      0.4570180      0.5429820      0.4603479      0.5396521      0.5997057      0.4002942
     13.3814607      0.4560515      0.5439485      0.4593884      0.5406116      0.5997055      0.4002943
     13.4115992      0.4568047      0.5431953      0.4601381      0.5398619      0.5997179      0.4002820
     13.4417376      0.4568338      0.5431662      0.4601572      0.5398428      0.5997424      0.4002575
     13.4718760      0.4576267      0.5423734      0.4609332      0.5390668      0.5997785      0.4002213
     13.5020144      0.4576445      0.5423555      0.4609153      0.5390847      0.5998258      0.4001741
     13.5321529      0.4567649      0.5432351      0.4599883      0.5400117      0.5998836      0.4001162
     13.5622913      0.4572075      0.5427925      0.4603738      0.5396262      0.5999512      0.4000486
     13.5924297      0.4572290      0.5427710      0.4603262      0.5396738      0.6000280      0.3999719
     13.6225681      0.4572526      0.5427474      0.4602656      0.5397344      0.6001131      0.3998868
     13.6527066      0.4572827      0.5427173      0.4601986      0.5398014      0.6002056      0.3997942
     13.6828450      0.4582581      0.5417418      0.4610694      0.5389306      0.6003048      0.3996950
     13.7129834      0.4583087      0.5416913      0.4610059      0.5389941      0.6004098      0.3995901
     13.7431218      0.4583587      0.5416413      0.4609437      0.5390563      0.6005195      0.3994803
     13.7732603      0.4584112      0.5415888      0.4608766      0.5391234      0.6006331      0.3993667
     13.8033987      0.4584720      0.5415280      0.4608094      0.5391906      0.6007496      0.3992502
     13.8335371      0.4585363      0.5414637      0.4607462      0.5392538      0.6008680      0.3991319
     13.8636755      0.4586142      0.5413858      0.4606975      0.5393025      0.6009872      0.3990127
     13.8938140      0.4587026      0.5412974      0.4606590      0.5393410      0.6011062      0.3988936
     13.9239524      0.4587973      0.5412027      0.4606245      0.5393755      0.6012241      0.3987758
     13.9540908      0.4588921      0.5411079      0.4605857      0.5394142      0.6013399      0.3986600
     13.9842292      0.4589856      0.5410144      0.4605580      0.5394420      0.6014527      0.3985472
     14.0143677      0.4590880      0.5409120      0.4605380      0.5394620      0.6015615      0.3984383
     14.0445061      0.4591953      0.5408047      0.4605197      0.5394803      0.6016657      0.3983342
     14.0746445      0.4591212      0.5408788      0.4603229      0.5396771      0.6017644      0.3982355
     14.1047829      0.4592043      0.5407957      0.4602862      0.5397138      0.6018568      0.3981430
     14.1349214      0.4592762      0.5407238      0.4602448      0.5397552      0.6019425      0.3980573
     14.1650598      0.4584672      0.5415328      0.4593233      0.5406767      0.6020209      0.3979790
     14.1951982      0.4585351      0.5414649      0.4592850      0.5407150      0.6020914      0.3979085
     14.2253366      0.4585893      0.5414107      0.4592346      0.5407654      0.6021536      0.3978462
     14.2554751      0.4576604      0.5423396      0.4581949      0.5418051      0.6022073      0.3977926
     14.2856135      0.4577018      0.5422982      0.4581297      0.5418703      0.6022521      0.3977477
     14.3157519      0.4577426      0.5422574      0.4580741      0.5419259      0.6022879      0.3977120
     14.3458903      0.4577759      0.5422241      0.4580195      0.5419805      0.6023144      0.3976854
     14.3760288      0.4572321      0.5427679      0.4573935      0.5426065      0.6023317      0.3976681
     14.4061672      0.4572219      0.5427781      0.4573102      0.5426897      0.6023399      0.3976600
     14.4363056      0.4572021      0.5427979      0.4572228      0.5427772      0.6023388      0.3976610
     14.4664440      0.4571716      0.5428284      0.4571383      0.5428617      0.6023288      0.3976710
     14.4965825      0.4571278      0.5428722      0.4570535      0.5429465      0.6023101      0.3976898
     14.5267209      0.4570680      0.5429320      0.4569632      0.5430368      0.6022828      0.3977170
     14.5568593      0.4569900      0.5430100      0.4568585      0.5431415      0.6022475      0.3977524
     14.5869977      0.4568797      0.5431204      0.4567295      0.5432705      0.6022044      0.3977955
     14.6171362      0.4567491      0.5432509      0.4565884      0.5434116      0.6021540      0.3978459
     14.6472746      0.4559720      0.5440280      0.4558101      0.5441899      0.6020969      0.3979030
     14.6774130      0.4558489      0.5441511      0.4557046      0.5442954      0.6020336      0.3979663
     14.7075514      0.4557057      0.5442943      0.4555882      0.5444118      0.6019646      0.3980352
     14.7376899      0.4555526      0.5444474      0.4554768      0.5445232      0.6018907      0.3981091
     14.7678283      0.4553702      0.5446298      0.4553495      0.5446505      0.6018124      0.3981874
     14.7979667      0.4551787      0.5448213      0.4552257      0.5447743      0.6017305      0.3982694
     14.8281051      0.4549742      0.5450258      0.4551014      0.5448986      0.6016456      0.3983543
     14.8582436      0.4549881      0.5450119      0.4552111      0.5447889      0.6015583      0.3984415
     14.8883820      0.4548157      0.5451843      0.4551343      0.5448657      0.6014696      0.3985303
     14.9185204      0.4546503      0.5453497      0.4550651      0.5449349      0.6013799      0.3986200
     14.9486588      0.4535200      0.5464800      0.4540211      0.5459789      0.6012901      0.3987098
     14.9787973      0.4533879      0.5466121      0.4539620      0.5460380      0.6012008      0.3987991
     15.0089357      0.4532736      0.5467264      0.4539236      0.5460764      0.6011127      0.3988872
     15.0390741      0.4531629      0.5468371      0.4538958      0.5461042      0.6010265      0.3989734
     15.0692125      0.4530584      0.5469416      0.4538634      0.5461366      0.6009428      0.3990570
